{"C:\\Users\\rishi\\OneDrive\\Desktop\\JSCapstone\\src\\modules\\showPokemon.js": {"path":"C:\\Users\\rishi\\OneDrive\\Desktop\\JSCapstone\\src\\modules\\showPokemon.js","statementMap":{"0":{"start":{"line":1,"column":17},"end":{"line":1,"column":69}},"1":{"start":{"line":3,"column":2},"end":{"line":3,"column":111}},"2":{"start":{"line":6,"column":21},"end":{"line":6,"column":42}},"3":{"start":{"line":7,"column":17},"end":{"line":7,"column":38}},"4":{"start":{"line":9,"column":26},"end":{"line":9,"column":67}},"5":{"start":{"line":11,"column":21},"end":{"line":13,"column":6}},"6":{"start":{"line":12,"column":6},"end":{"line":12,"column":58}},"7":{"start":{"line":12,"column":46},"end":{"line":12,"column":56}},"8":{"start":{"line":15,"column":29},"end":{"line":15,"column":56}},"9":{"start":{"line":18,"column":4},"end":{"line":21,"column":5}},"10":{"start":{"line":19,"column":23},"end":{"line":19,"column":56}},"11":{"start":{"line":20,"column":6},"end":{"line":20,"column":42}},"12":{"start":{"line":26,"column":19},"end":{"line":26,"column":47}},"13":{"start":{"line":29,"column":19},"end":{"line":29,"column":65}},"14":{"start":{"line":30,"column":15},"end":{"line":30,"column":36}},"15":{"start":{"line":31,"column":15},"end":{"line":31,"column":67}},"16":{"start":{"line":31,"column":35},"end":{"line":31,"column":66}},"17":{"start":{"line":32,"column":19},"end":{"line":32,"column":40}},"18":{"start":{"line":35,"column":2},"end":{"line":48,"column":8}},"19":{"start":{"line":51,"column":21},"end":{"line":51,"column":59}},"20":{"start":{"line":52,"column":20},"end":{"line":52,"column":52}},"21":{"start":{"line":54,"column":2},"end":{"line":82,"column":5}},"22":{"start":{"line":55,"column":4},"end":{"line":81,"column":5}},"23":{"start":{"line":57,"column":6},"end":{"line":57,"column":19}},"24":{"start":{"line":58,"column":6},"end":{"line":58,"column":41}},"25":{"start":{"line":61,"column":30},"end":{"line":70,"column":8}},"26":{"start":{"line":73,"column":6},"end":{"line":75,"column":7}},"27":{"start":{"line":74,"column":8},"end":{"line":74,"column":57}},"28":{"start":{"line":78,"column":6},"end":{"line":78,"column":19}},"29":{"start":{"line":79,"column":6},"end":{"line":79,"column":41}},"30":{"start":{"line":84,"column":2},"end":{"line":84,"column":18}}},"fnMap":{"0":{"name":"showPokemon","decl":{"start":{"line":5,"column":17},"end":{"line":5,"column":28}},"loc":{"start":{"line":5,"column":31},"end":{"line":22,"column":3}},"line":5},"1":{"name":"(anonymous_1)","decl":{"start":{"line":11,"column":38},"end":{"line":11,"column":39}},"loc":{"start":{"line":11,"column":51},"end":{"line":13,"column":5}},"line":11},"2":{"name":"(anonymous_2)","decl":{"start":{"line":12,"column":37},"end":{"line":12,"column":38}},"loc":{"start":{"line":12,"column":46},"end":{"line":12,"column":56}},"line":12},"3":{"name":"createListItem","decl":{"start":{"line":25,"column":23},"end":{"line":25,"column":37}},"loc":{"start":{"line":25,"column":51},"end":{"line":85,"column":1}},"line":25},"4":{"name":"(anonymous_4)","decl":{"start":{"line":31,"column":25},"end":{"line":31,"column":26}},"loc":{"start":{"line":31,"column":35},"end":{"line":31,"column":66}},"line":31},"5":{"name":"(anonymous_5)","decl":{"start":{"line":54,"column":39},"end":{"line":54,"column":40}},"loc":{"start":{"line":54,"column":51},"end":{"line":82,"column":3}},"line":54}},"branchMap":{"0":{"loc":{"start":{"line":32,"column":19},"end":{"line":32,"column":40}},"type":"cond-expr","locations":[{"start":{"line":32,"column":26},"end":{"line":32,"column":36}},{"start":{"line":32,"column":39},"end":{"line":32,"column":40}}],"line":32},"1":{"loc":{"start":{"line":73,"column":6},"end":{"line":75,"column":7}},"type":"if","locations":[{"start":{"line":73,"column":6},"end":{"line":75,"column":7}},{"start":{},"end":{}}],"line":73}},"s":{"0":1,"1":1,"2":0,"3":0,"4":0,"5":0,"6":0,"7":0,"8":0,"9":0,"10":0,"11":0,"12":3,"13":3,"14":3,"15":3,"16":3,"17":3,"18":3,"19":3,"20":3,"21":3,"22":2,"23":2,"24":2,"25":2,"26":1,"27":1,"28":2,"29":2,"30":3},"f":{"0":0,"1":0,"2":0,"3":3,"4":3,"5":2},"b":{"0":[3,0],"1":[1,0]},"_coverageSchema":"1a1c01bbd47fc00a2c39e90264f33305004495a9","hash":"a25358246ec949caf1956cdbc95ee996e1c55d7b"}
}
