TN:
SF:src\modules\showPokemon.js
FN:5,showPokemon
FN:11,(anonymous_1)
FN:12,(anonymous_2)
FN:25,createListItem
FN:31,(anonymous_4)
FN:54,(anonymous_5)
FNF:6
FNH:3
FNDA:0,showPokemon
FNDA:0,(anonymous_1)
FNDA:0,(anonymous_2)
FNDA:3,createListItem
FNDA:3,(anonymous_4)
FNDA:2,(anonymous_5)
DA:1,1
DA:3,1
DA:6,0
DA:7,0
DA:9,0
DA:11,0
DA:12,0
DA:15,0
DA:18,0
DA:19,0
DA:20,0
DA:26,3
DA:29,3
DA:30,3
DA:31,3
DA:32,3
DA:35,3
DA:51,3
DA:52,3
DA:54,3
DA:55,2
DA:57,2
DA:58,2
DA:61,2
DA:73,1
DA:74,1
DA:78,2
DA:79,2
DA:84,3
LF:29
LH:20
BRDA:32,0,0,3
BRDA:32,0,1,0
BRDA:73,1,0,1
BRDA:73,1,1,0
BRF:4
BRH:2
end_of_record
